  main.cpp
D:\БГТУ\2 семестр\ОАиП\ЛР 13\main.cpp(5,16): error C2248: Hash_Chain::Hash_Chain: невозможно обратиться к private член, объявленному в классе "Hash_Chain"
D:\БГТУ\2 семестр\ОАиП\ЛР 13\Hash_Chain.h(14,5): message : см. объявление "Hash_Chain::Hash_Chain"
D:\БГТУ\2 семестр\ОАиП\ЛР 13\Hash_Chain.h(12,7): message : см. объявление "Hash_Chain"
D:\БГТУ\2 семестр\ОАиП\ЛР 13\main.cpp(7,21): error C2248: Hash_Chain::insert: невозможно обратиться к private член, объявленному в классе "Hash_Chain"
D:\БГТУ\2 семестр\ОАиП\ЛР 13\Hash_Chain.h(16,10): message : см. объявление "Hash_Chain::insert"
D:\БГТУ\2 семестр\ОАиП\ЛР 13\Hash_Chain.h(12,7): message : см. объявление "Hash_Chain"
D:\БГТУ\2 семестр\ОАиП\ЛР 13\main.cpp(8,21): error C2248: Hash_Chain::insert: невозможно обратиться к private член, объявленному в классе "Hash_Chain"
D:\БГТУ\2 семестр\ОАиП\ЛР 13\Hash_Chain.h(16,10): message : см. объявление "Hash_Chain::insert"
D:\БГТУ\2 семестр\ОАиП\ЛР 13\Hash_Chain.h(12,7): message : см. объявление "Hash_Chain"
D:\БГТУ\2 семестр\ОАиП\ЛР 13\main.cpp(9,21): error C2248: Hash_Chain::insert: невозможно обратиться к private член, объявленному в классе "Hash_Chain"
D:\БГТУ\2 семестр\ОАиП\ЛР 13\Hash_Chain.h(16,10): message : см. объявление "Hash_Chain::insert"
D:\БГТУ\2 семестр\ОАиП\ЛР 13\Hash_Chain.h(12,7): message : см. объявление "Hash_Chain"
D:\БГТУ\2 семестр\ОАиП\ЛР 13\main.cpp(12,21): error C2248: Hash_Chain::display: невозможно обратиться к private член, объявленному в классе "Hash_Chain"
D:\БГТУ\2 семестр\ОАиП\ЛР 13\Hash_Chain.h(18,10): message : см. объявление "Hash_Chain::display"
D:\БГТУ\2 семестр\ОАиП\ЛР 13\Hash_Chain.h(12,7): message : см. объявление "Hash_Chain"
D:\БГТУ\2 семестр\ОАиП\ЛР 13\main.cpp(15,21): error C2248: Hash_Chain::search: невозможно обратиться к private член, объявленному в классе "Hash_Chain"
D:\БГТУ\2 семестр\ОАиП\ЛР 13\Hash_Chain.h(17,10): message : см. объявление "Hash_Chain::search"
D:\БГТУ\2 семестр\ОАиП\ЛР 13\Hash_Chain.h(12,7): message : см. объявление "Hash_Chain"
D:\БГТУ\2 семестр\ОАиП\ЛР 13\main.cpp(18,21): error C2248: Hash_Chain::search: невозможно обратиться к private член, объявленному в классе "Hash_Chain"
D:\БГТУ\2 семестр\ОАиП\ЛР 13\Hash_Chain.h(17,10): message : см. объявление "Hash_Chain::search"
D:\БГТУ\2 семестр\ОАиП\ЛР 13\Hash_Chain.h(12,7): message : см. объявление "Hash_Chain"
  Hash_Table.cpp
D:\БГТУ\2 семестр\ОАиП\ЛР 13\Hash_Table.cpp(5,28): error C2248: List::List: невозможно обратиться к private член, объявленному в классе "List"
D:\БГТУ\2 семестр\ОАиП\ЛР 13\Lists.h(18,5): message : см. объявление "List::List"
D:\БГТУ\2 семестр\ОАиП\ЛР 13\Lists.h(16,7): message : см. объявление "List"
D:\БГТУ\2 семестр\ОАиП\ЛР 13\Hash_Table.cpp(15,19): error C2248: List::insert: невозможно обратиться к private член, объявленному в классе "List"
D:\БГТУ\2 семестр\ОАиП\ЛР 13\Lists.h(19,10): message : см. объявление "List::insert"
D:\БГТУ\2 семестр\ОАиП\ЛР 13\Lists.h(16,7): message : см. объявление "List"
D:\БГТУ\2 семестр\ОАиП\ЛР 13\Hash_Table.cpp(20,34): error C2248: List::search: невозможно обратиться к private член, объявленному в классе "List"
D:\БГТУ\2 семестр\ОАиП\ЛР 13\Lists.h(20,11): message : см. объявление "List::search"
D:\БГТУ\2 семестр\ОАиП\ЛР 13\Lists.h(16,7): message : см. объявление "List"
D:\БГТУ\2 семестр\ОАиП\ЛР 13\Hash_Table.cpp(35,19): error C2248: List::display: невозможно обратиться к private член, объявленному в классе "List"
D:\БГТУ\2 семестр\ОАиП\ЛР 13\Lists.h(21,10): message : см. объявление "List::display"
D:\БГТУ\2 семестр\ОАиП\ЛР 13\Lists.h(16,7): message : см. объявление "List"
  Создание кода...
